<?xml version="1.0" encoding="UTF-8"?>
<!-- Generated by org.testng.reporters.JUnitReportReporter -->
<testsuite skipped="0" hostname="thripura-PC" name="maven.demo.SampleMavenProj.Demo" tests="1" failures="0" timestamp="15 Dec 2019 03:34:41 GMT" time="0.013" errors="0">
  <testcase name="test" time="0.013" classname="maven.demo.SampleMavenProj.Demo"/>
</testsuite> <!-- maven.demo.SampleMavenProj.Demo -->
